Arguments: 
  /usr/local/bin/node /usr/local/bin/yarn install

PATH: 
  /usr/local/bin:/usr/bin:/bin:/usr/sbin:/sbin

Yarn version: 
  1.10.1

Node version: 
  11.2.0

Platform: 
  darwin x64

Trace: 
  SyntaxError: /Users/muhammadawais/Desktop/Product-Perf/package.json: Unexpected token } in JSON at position 142
      at JSON.parse (<anonymous>)
      at /usr/local/lib/node_modules/yarn/lib/cli.js:1136:59
      at Generator.next (<anonymous>)
      at step (/usr/local/lib/node_modules/yarn/lib/cli.js:98:30)
      at /usr/local/lib/node_modules/yarn/lib/cli.js:109:13

npm manifest: 
  {
    "name": "product-perf",
    "version": "1.0.0",
    "description": "",
    "main": "server.js",
    "scripts": {
      "start": "node server.js",
    },
    "repository": {
      "type": "git",
      "url": "git+https://github.com/mawais54013/Product-Perf.git"
    },
    "author": "",
    "license": "ISC",
    "bugs": {
      "url": "https://github.com/mawais54013/Product-Perf/issues"
    },
    "homepage": "https://github.com/mawais54013/Product-Perf#readme",
    "dependencies": {
      "axios": "^0.18.0",
      "cheerio": "^1.0.0-rc.2",
      "ebay-node-api": "^2.3.1",
      "express": "^4.16.4",
      "express-session": "^1.15.6",
      "mongoose": "^5.3.11",
      "npm": "^6.4.1",
      "npm-install-all": "^1.1.21",
      "request": "^2.88.0"
    }
  }

yarn manifest: 
  No manifest

Lockfile: 
  # THIS IS AN AUTOGENERATED FILE. DO NOT EDIT THIS FILE DIRECTLY.
  # yarn lockfile v1
